This file contains any messages produced by compilers while
running configure, to aid debugging if configure makes a mistake.

It was created by rectangle configure 1.0, which was
generated by GNU Autoconf 2.63.  Invocation command line was

  $ ./configure 

## --------- ##
## Platform. ##
## --------- ##

hostname = student01
uname -m = x86_64
uname -r = 2.6.32-358.23.2.el6.x86_64
uname -s = Linux
uname -v = #1 SMP Sat Sep 14 05:32:37 EDT 2013

/usr/bin/uname -p = unknown
/bin/uname -X     = unknown

/bin/arch              = x86_64
/usr/bin/arch -k       = unknown
/usr/convex/getsysinfo = unknown
/usr/bin/hostinfo      = unknown
/bin/machine           = unknown
/usr/bin/oslevel       = unknown
/bin/universe          = unknown

PATH: /opt/und/schrodinger/2007
PATH: /opt/und/schrodinger/2007/utilities
PATH: /opt/und/local/bin
PATH: /opt/und/mathematica/7.0/Executables
PATH: /opt/und/maple/12/bin
PATH: /opt/und/intel/x86_64/fc/10.0.023/bin
PATH: /opt/und/intel/x86_64/cc/10.0.023/bin
PATH: /opt/und/intel/x86_64/idb/10.0.023/bin
PATH: /opt/und/pgi/8.0/linux86-64/8.0/bin
PATH: /afs/nd.edu/i386_linux24/opt/und/matlab/7.14/bin
PATH: /opt/und/modules/3.1.6/bin
PATH: /usr/lib64/qt-3.3/bin
PATH: /usr/kerberos/sbin
PATH: /usr/kerberos/bin
PATH: /usr/local/bin
PATH: /bin
PATH: /usr/bin
PATH: /opt/und/local/bin
PATH: .
PATH: /sbin


## ----------- ##
## Core tests. ##
## ----------- ##

configure:1841: checking for a BSD-compatible install
configure:1909: result: /usr/bin/install -c
configure:1920: checking whether build environment is sane
configure:1980: result: yes
configure:2121: checking for a thread-safe mkdir -p
configure:2160: result: /bin/mkdir -p
configure:2173: checking for gawk
configure:2189: found /bin/gawk
configure:2200: result: gawk
configure:2211: checking whether make sets $(MAKE)
configure:2233: result: yes
configure:2378: checking for g++
configure:2394: found /usr/bin/g++
configure:2405: result: g++
configure:2432: checking for C++ compiler version
configure:2440: g++ --version >&5
g++ (GCC) 4.4.7 20120313 (Red Hat 4.4.7-4)
Copyright (C) 2010 Free Software Foundation, Inc.
This is free software; see the source for copying conditions.  There is NO
warranty; not even for MERCHANTABILITY or FITNESS FOR A PARTICULAR PURPOSE.

configure:2444: $? = 0
configure:2451: g++ -v >&5
Using built-in specs.
Target: x86_64-redhat-linux
Configured with: ../configure --prefix=/usr --mandir=/usr/share/man --infodir=/usr/share/info --with-bugurl=http://bugzilla.redhat.com/bugzilla --enable-bootstrap --enable-shared --enable-threads=posix --enable-checking=release --with-system-zlib --enable-__cxa_atexit --disable-libunwind-exceptions --enable-gnu-unique-object --enable-languages=c,c++,objc,obj-c++,java,fortran,ada --enable-java-awt=gtk --disable-dssi --with-java-home=/usr/lib/jvm/java-1.5.0-gcj-1.5.0.0/jre --enable-libgcj-multifile --enable-java-maintainer-mode --with-ecj-jar=/usr/share/java/eclipse-ecj.jar --disable-libjava-multilib --with-ppl --with-cloog --with-tune=generic --with-arch_32=i686 --build=x86_64-redhat-linux
Thread model: posix
gcc version 4.4.7 20120313 (Red Hat 4.4.7-4) (GCC) 
configure:2455: $? = 0
configure:2462: g++ -V >&5
g++: '-V' option must have argument
configure:2466: $? = 1
configure:2489: checking for C++ compiler default output file name
configure:2511: g++    conftest.cpp  >&5
configure:2515: $? = 0
configure:2553: result: a.out
configure:2572: checking whether the C++ compiler works
configure:2582: ./a.out
configure:2586: $? = 0
configure:2605: result: yes
configure:2612: checking whether we are cross compiling
configure:2614: result: no
configure:2617: checking for suffix of executables
configure:2624: g++ -o conftest    conftest.cpp  >&5
configure:2628: $? = 0
configure:2654: result: 
configure:2660: checking for suffix of object files
configure:2686: g++ -c   conftest.cpp >&5
configure:2690: $? = 0
configure:2715: result: o
configure:2719: checking whether we are using the GNU C++ compiler
configure:2748: g++ -c   conftest.cpp >&5
configure:2755: $? = 0
configure:2772: result: yes
configure:2781: checking whether g++ accepts -g
configure:2811: g++ -c -g  conftest.cpp >&5
configure:2818: $? = 0
configure:2919: result: yes
configure:2953: checking for style of include used by make
configure:2981: result: GNU
configure:3006: checking dependency style of g++
configure:3116: result: gcc3
configure:3179: checking for gcc
configure:3195: found /usr/bin/gcc
configure:3206: result: gcc
configure:3438: checking for C compiler version
configure:3446: gcc --version >&5
gcc (GCC) 4.4.7 20120313 (Red Hat 4.4.7-4)
Copyright (C) 2010 Free Software Foundation, Inc.
This is free software; see the source for copying conditions.  There is NO
warranty; not even for MERCHANTABILITY or FITNESS FOR A PARTICULAR PURPOSE.

configure:3450: $? = 0
configure:3457: gcc -v >&5
Using built-in specs.
Target: x86_64-redhat-linux
Configured with: ../configure --prefix=/usr --mandir=/usr/share/man --infodir=/usr/share/info --with-bugurl=http://bugzilla.redhat.com/bugzilla --enable-bootstrap --enable-shared --enable-threads=posix --enable-checking=release --with-system-zlib --enable-__cxa_atexit --disable-libunwind-exceptions --enable-gnu-unique-object --enable-languages=c,c++,objc,obj-c++,java,fortran,ada --enable-java-awt=gtk --disable-dssi --with-java-home=/usr/lib/jvm/java-1.5.0-gcj-1.5.0.0/jre --enable-libgcj-multifile --enable-java-maintainer-mode --with-ecj-jar=/usr/share/java/eclipse-ecj.jar --disable-libjava-multilib --with-ppl --with-cloog --with-tune=generic --with-arch_32=i686 --build=x86_64-redhat-linux
Thread model: posix
gcc version 4.4.7 20120313 (Red Hat 4.4.7-4) (GCC) 
configure:3461: $? = 0
configure:3468: gcc -V >&5
gcc: '-V' option must have argument
configure:3472: $? = 1
configure:3475: checking whether we are using the GNU C compiler
configure:3504: gcc -c   conftest.c >&5
configure:3511: $? = 0
configure:3528: result: yes
configure:3537: checking whether gcc accepts -g
configure:3567: gcc -c -g  conftest.c >&5
configure:3574: $? = 0
configure:3675: result: yes
configure:3692: checking for gcc option to accept ISO C89
configure:3766: gcc  -c -g -O2  conftest.c >&5
configure:3773: $? = 0
configure:3796: result: none needed
configure:3816: checking dependency style of gcc
configure:3926: result: gcc3
configure:4083: creating ./config.status

## ---------------------- ##
## Running config.status. ##
## ---------------------- ##

This file was extended by rectangle config.status 1.0, which was
generated by GNU Autoconf 2.63.  Invocation command line was

  CONFIG_FILES    = 
  CONFIG_HEADERS  = 
  CONFIG_LINKS    = 
  CONFIG_COMMANDS = 
  $ ./config.status 

on student01

config.status:765: creating Makefile
config.status:765: creating src/Makefile
config.status:765: creating config.h
config.status:1039: executing depfiles commands

## ---------------- ##
## Cache variables. ##
## ---------------- ##

ac_cv_c_compiler_gnu=yes
ac_cv_cxx_compiler_gnu=yes
ac_cv_env_CCC_set=
ac_cv_env_CCC_value=
ac_cv_env_CC_set=
ac_cv_env_CC_value=
ac_cv_env_CFLAGS_set=
ac_cv_env_CFLAGS_value=
ac_cv_env_CPPFLAGS_set=
ac_cv_env_CPPFLAGS_value=
ac_cv_env_CXXFLAGS_set=
ac_cv_env_CXXFLAGS_value=
ac_cv_env_CXX_set=
ac_cv_env_CXX_value=
ac_cv_env_LDFLAGS_set=
ac_cv_env_LDFLAGS_value=
ac_cv_env_LIBS_set=
ac_cv_env_LIBS_value=
ac_cv_env_build_alias_set=
ac_cv_env_build_alias_value=
ac_cv_env_host_alias_set=
ac_cv_env_host_alias_value=
ac_cv_env_target_alias_set=
ac_cv_env_target_alias_value=
ac_cv_objext=o
ac_cv_path_install='/usr/bin/install -c'
ac_cv_path_mkdir=/bin/mkdir
ac_cv_prog_AWK=gawk
ac_cv_prog_ac_ct_CC=gcc
ac_cv_prog_ac_ct_CXX=g++
ac_cv_prog_cc_c89=
ac_cv_prog_cc_g=yes
ac_cv_prog_cxx_g=yes
ac_cv_prog_make_make_set=yes
am_cv_CC_dependencies_compiler_type=gcc3
am_cv_CXX_dependencies_compiler_type=gcc3

## ----------------- ##
## Output variables. ##
## ----------------- ##

ACLOCAL='${SHELL} /afs/nd.edu/user14/jlake2/cse20189/hw8/rectangle/missing --run aclocal-1.11'
AMDEPBACKSLASH='\'
AMDEP_FALSE='#'
AMDEP_TRUE=''
AMTAR='${SHELL} /afs/nd.edu/user14/jlake2/cse20189/hw8/rectangle/missing --run tar'
AUTOCONF='${SHELL} /afs/nd.edu/user14/jlake2/cse20189/hw8/rectangle/missing --run autoconf'
AUTOHEADER='${SHELL} /afs/nd.edu/user14/jlake2/cse20189/hw8/rectangle/missing --run autoheader'
AUTOMAKE='${SHELL} /afs/nd.edu/user14/jlake2/cse20189/hw8/rectangle/missing --run automake-1.11'
AWK='gawk'
CC='gcc'
CCDEPMODE='depmode=gcc3'
CFLAGS='-g -O2'
CPPFLAGS=''
CXX='g++'
CXXDEPMODE='depmode=gcc3'
CXXFLAGS='-g -O2'
CYGPATH_W='echo'
DEFS='-DHAVE_CONFIG_H'
DEPDIR='.deps'
ECHO_C=''
ECHO_N='-n'
ECHO_T=''
EXEEXT=''
INSTALL_DATA='${INSTALL} -m 644'
INSTALL_PROGRAM='${INSTALL}'
INSTALL_SCRIPT='${INSTALL}'
INSTALL_STRIP_PROGRAM='$(install_sh) -c -s'
LDFLAGS=''
LIBOBJS=''
LIBS=''
LTLIBOBJS=''
MAKEINFO='${SHELL} /afs/nd.edu/user14/jlake2/cse20189/hw8/rectangle/missing --run makeinfo'
MKDIR_P='/bin/mkdir -p'
OBJEXT='o'
PACKAGE='rectangle'
PACKAGE_BUGREPORT='jlake2@nd.edu'
PACKAGE_NAME='rectangle'
PACKAGE_STRING='rectangle 1.0'
PACKAGE_TARNAME='rectangle'
PACKAGE_VERSION='1.0'
PATH_SEPARATOR=':'
SET_MAKE=''
SHELL='/bin/sh'
STRIP=''
VERSION='1.0'
ac_ct_CC='gcc'
ac_ct_CXX='g++'
am__EXEEXT_FALSE=''
am__EXEEXT_TRUE='#'
am__fastdepCC_FALSE='#'
am__fastdepCC_TRUE=''
am__fastdepCXX_FALSE='#'
am__fastdepCXX_TRUE=''
am__include='include'
am__isrc=''
am__leading_dot='.'
am__quote=''
am__tar='${AMTAR} chof - "$$tardir"'
am__untar='${AMTAR} xf -'
bindir='${exec_prefix}/bin'
build_alias=''
datadir='${datarootdir}'
datarootdir='${prefix}/share'
docdir='${datarootdir}/doc/${PACKAGE_TARNAME}'
dvidir='${docdir}'
exec_prefix='${prefix}'
host_alias=''
htmldir='${docdir}'
includedir='${prefix}/include'
infodir='${datarootdir}/info'
install_sh='${SHELL} /afs/nd.edu/user14/jlake2/cse20189/hw8/rectangle/install-sh'
libdir='${exec_prefix}/lib'
libexecdir='${exec_prefix}/libexec'
localedir='${datarootdir}/locale'
localstatedir='${prefix}/var'
mandir='${datarootdir}/man'
mkdir_p='/bin/mkdir -p'
oldincludedir='/usr/include'
pdfdir='${docdir}'
prefix='/usr/local'
program_transform_name='s,x,x,'
psdir='${docdir}'
sbindir='${exec_prefix}/sbin'
sharedstatedir='${prefix}/com'
sysconfdir='${prefix}/etc'
target_alias=''

## ----------- ##
## confdefs.h. ##
## ----------- ##

#define PACKAGE_NAME "rectangle"
#define PACKAGE_TARNAME "rectangle"
#define PACKAGE_VERSION "1.0"
#define PACKAGE_STRING "rectangle 1.0"
#define PACKAGE_BUGREPORT "jlake2@nd.edu"
#define PACKAGE "rectangle"
#define VERSION "1.0"

configure: exit 0

## ---------------------- ##
## Running config.status. ##
## ---------------------- ##

This file was extended by rectangle config.status 1.0, which was
generated by GNU Autoconf 2.63.  Invocation command line was

  CONFIG_FILES    = 
  CONFIG_HEADERS  = 
  CONFIG_LINKS    = 
  CONFIG_COMMANDS = 
  $ ./config.status config.h

on student01

config.status:765: creating config.h
