This is pdfTeXk, Version 3.141592-1.40.3 (Web2C 7.5.6) (format=latex 2012.2.22)  6 FEB 2014 21:31
entering extended mode
 %&-line parsing enabled.
**hw3.tex
(./hw3.tex
LaTeX2e <2005/12/01>
Babel <v3.8h> and hyphenation patterns for english, usenglishmax, dumylang, noh
yphenation, arabic, basque, bulgarian, coptic, welsh, czech, slovak, german, ng
erman, danish, esperanto, spanish, catalan, galician, estonian, farsi, finnish,
 french, greek, monogreek, ancientgreek, croatian, hungarian, interlingua, ibyc
us, indonesian, icelandic, italian, latin, mongolian, dutch, norsk, polish, por
tuguese, pinyin, romanian, russian, slovenian, uppersorbian, serbian, swedish, 
turkish, ukenglish, ukrainian, loaded.
(/usr/share/texmf/tex/latex/base/latex209.def
File: latex209.def 1998/05/13 v0.52 Standard LaTeX file


          Entering LaTeX 2.09 COMPATIBILITY MODE
 *************************************************************
    !!WARNING!!    !!WARNING!!    !!WARNING!!    !!WARNING!!   
 
 This mode attempts to provide an emulation of the LaTeX 2.09
 author environment so that OLD documents can be successfully
 processed. It should NOT be used for NEW documents!
 
 New documents should use Standard LaTeX conventions and start
 with the \documentclass command.
 
 Compatibility mode is UNLIKELY TO WORK with LaTeX 2.09 style
 files that change any internal macros, especially not with
 those that change the FONT SELECTION or OUTPUT ROUTINES.
 
 Therefore such style files MUST BE UPDATED to use
          Current Standard LaTeX: LaTeX2e.
 If you suspect that you may be using such a style file, which
 is probably very, very old by now, then you should attempt to
 get it updated by sending a copy of this error message to the
 author of that file.
 *************************************************************

\footheight=\dimen102
\@maxsep=\dimen103
\@dblmaxsep=\dimen104
\@cla=\count79
\@clb=\count80
\mscount=\count81
(/usr/share/texmf/tex/latex/base/tracefnt.sty
Package: tracefnt 1997/05/29 v3.0j Standard LaTeX package (font tracing)
\tracingfonts=\count82
LaTeX Info: Redefining \selectfont on input line 101.
)
\symbold=\mathgroup4
\symsans=\mathgroup5
\symtypewriter=\mathgroup6
\symitalic=\mathgroup7
\symsmallcaps=\mathgroup8
\symslanted=\mathgroup9
LaTeX Font Info:    Redeclaring math alphabet \mathbf on input line 293.
LaTeX Font Info:    Redeclaring math alphabet \mathsf on input line 294.
LaTeX Font Info:    Redeclaring math alphabet \mathtt on input line 295.
LaTeX Font Info:    Redeclaring math alphabet \mathit on input line 301.
LaTeX Info: Redefining \em on input line 311.

(/usr/share/texmf/tex/latex/base/latexsym.sty
Package: latexsym 1998/08/17 v2.2e Standard LaTeX package (lasy symbols)
\symlasy=\mathgroup10
LaTeX Font Info:    Overwriting symbol font `lasy' in version `bold'
(Font)                  U/lasy/m/n --> U/lasy/b/n on input line 47.
)
LaTeX Font Info:    Redeclaring math delimiter \lgroup on input line 375.
LaTeX Font Info:    Redeclaring math delimiter \rgroup on input line 377.
LaTeX Font Info:    Redeclaring math delimiter \bracevert on input line 379.
)
(/usr/share/texmf/tex/latex/base/article.cls
Document Class: article 2005/09/16 v1.4f Standard LaTeX document class
(/usr/share/texmf/tex/latex/base/size10.clo
File: size10.clo 2005/09/16 v1.4f Standard LaTeX file (size option)
)
\c@part=\count83
\c@section=\count84
\c@subsection=\count85
\c@subsubsection=\count86
\c@paragraph=\count87
\c@subparagraph=\count88
\c@figure=\count89
\c@table=\count90
\abovecaptionskip=\skip41
\belowcaptionskip=\skip42
Compatibility mode: definition of \rm ignored.
Compatibility mode: definition of \sf ignored.
Compatibility mode: definition of \tt ignored.
Compatibility mode: definition of \bf ignored.
Compatibility mode: definition of \it ignored.
Compatibility mode: definition of \sl ignored.
Compatibility mode: definition of \sc ignored.
LaTeX Info: Redefining \cal on input line 506.
LaTeX Info: Redefining \mit on input line 507.
\bibindent=\dimen105
) (./hw3.aux)
\openout1 = `hw3.aux'.

LaTeX Font Info:    Checking defaults for OML/cmm/m/it on input line 3.
LaTeX Font Info:    ... okay on input line 3.
LaTeX Font Info:    Checking defaults for T1/cmr/m/n on input line 3.
LaTeX Font Info:    ... okay on input line 3.
LaTeX Font Info:    Checking defaults for OT1/cmr/m/n on input line 3.
LaTeX Font Info:    ... okay on input line 3.
LaTeX Font Info:    Checking defaults for OMS/cmsy/m/n on input line 3.
LaTeX Font Info:    ... okay on input line 3.
LaTeX Font Info:    Checking defaults for OMX/cmex/m/n on input line 3.
LaTeX Font Info:    ... okay on input line 3.
LaTeX Font Info:    Checking defaults for U/cmr/m/n on input line 3.
LaTeX Font Info:    ... okay on input line 3.

Overfull \hbox (59.24648pt too wide) in paragraph at lines 21--21
[]\OT1/cmtt/m/n/10 12.)"\b(dog(gy|gie)?|pupp(y|ie)|canine)s?\b" would match the
 following words:[] 
 []

LaTeX Font Info:    Try loading font information for OMS+cmr on input line 23.
(/usr/share/texmf/tex/latex/base/omscmr.fd
File: omscmr.fd 1999/05/25 v2.5h Standard LaTeX font definitions
)
LaTeX Font Info:    Font shape `OMS/cmr/m/n' in size <10> not available
(Font)              Font shape `OMS/cmsy/m/n' tried instead on input line 23.

Overfull \hbox (106.49606pt too wide) in paragraph at lines 43--43
[]\OT1/cmtt/m/n/10 14.) /[Vv]{1,}[_ ]*[1iI!]{1,}[_ ]*[Aa4@]{1,}[_ ]*[Gg]{1,}[_ 
]*[Rr]{1,}[_ ]*[Aa4@]{1,}/[] 
 []


Overfull \hbox (116.99597pt too wide) in paragraph at lines 50--50
[]\OT1/cmtt/m/n/10 23.) /\b((\d|[1-9]\d|1\d\d|2[0-4]\d|25[0-5])\.){3}(\d|[1-9]\
d|1\d\d|2[0-4]\d|25[0-5])\b/[] 
 []

[1

] [2] (./hw3.aux) ) 
Here is how much of TeX's memory you used:
 312 strings out of 256217
 3395 string characters out of 1917095
 50804 words of memory out of 1500000
 3670 multiletter control sequences out of 10000+200000
 3808 words of font info for 15 fonts, out of 1200000 for 2000
 645 hyphenation exceptions out of 8191
 21i,4n,19p,162b,219s stack positions out of 5000i,500n,6000p,200000b,15000s

Output written on hw3.dvi (2 pages, 2644 bytes).
