This is pdfTeXk, Version 3.141592-1.40.3 (Web2C 7.5.6) (format=pdflatex 2012.2.22)  27 MAR 2014 17:13
entering extended mode
 %&-line parsing enabled.
**Problem4.tex
(./Problem4.tex
LaTeX2e <2005/12/01>
Babel <v3.8h> and hyphenation patterns for english, usenglishmax, dumylang, noh
yphenation, arabic, basque, bulgarian, coptic, welsh, czech, slovak, german, ng
erman, danish, esperanto, spanish, catalan, galician, estonian, farsi, finnish,
 french, greek, monogreek, ancientgreek, croatian, hungarian, interlingua, ibyc
us, indonesian, icelandic, italian, latin, mongolian, dutch, norsk, polish, por
tuguese, pinyin, romanian, russian, slovenian, uppersorbian, serbian, swedish, 
turkish, ukenglish, ukrainian, loaded.
(/usr/share/texmf/tex/latex/base/article.cls
Document Class: article 2005/09/16 v1.4f Standard LaTeX document class
(/usr/share/texmf/tex/latex/base/size10.clo
File: size10.clo 2005/09/16 v1.4f Standard LaTeX file (size option)
)
\c@part=\count79
\c@section=\count80
\c@subsection=\count81
\c@subsubsection=\count82
\c@paragraph=\count83
\c@subparagraph=\count84
\c@figure=\count85
\c@table=\count86
\abovecaptionskip=\skip41
\belowcaptionskip=\skip42
\bibindent=\dimen102
) (./Problem4.aux)
\openout1 = `Problem4.aux'.

LaTeX Font Info:    Checking defaults for OML/cmm/m/it on input line 2.
LaTeX Font Info:    ... okay on input line 2.
LaTeX Font Info:    Checking defaults for T1/cmr/m/n on input line 2.
LaTeX Font Info:    ... okay on input line 2.
LaTeX Font Info:    Checking defaults for OT1/cmr/m/n on input line 2.
LaTeX Font Info:    ... okay on input line 2.
LaTeX Font Info:    Checking defaults for OMS/cmsy/m/n on input line 2.
LaTeX Font Info:    ... okay on input line 2.
LaTeX Font Info:    Checking defaults for OMX/cmex/m/n on input line 2.
LaTeX Font Info:    ... okay on input line 2.
LaTeX Font Info:    Checking defaults for U/cmr/m/n on input line 2.
LaTeX Font Info:    ... okay on input line 2.

Overfull \hbox (53.99652pt too wide) in paragraph at lines 24--24
[]\OT1/cmtt/m/n/10 While using valgrind, before I changed the code, I got the f
ollowing output:[] 
 []


Overfull \hbox (38.24666pt too wide) in paragraph at lines 24--24
[]\OT1/cmtt/m/n/10 ==9465==   total heap usage: 160 allocs, 1 frees, 163,384 by
tes allocated[] 
 []


Overfull \hbox (48.74657pt too wide) in paragraph at lines 24--24
[]\OT1/cmtt/m/n/10 ==9540==   total heap usage: 160 allocs, 160 frees, 163,384 
bytes allocated[] 
 []

[1

{/var/lib/texmf/fonts/map/pdftex/updmap/pdftex.map}] (./Problem4.aux) ) 
Here is how much of TeX's memory you used:
 208 strings out of 256216
 2188 string characters out of 1917072
 50804 words of memory out of 1500000
 3576 multiletter control sequences out of 10000+200000
 4413 words of font info for 17 fonts, out of 1200000 for 2000
 645 hyphenation exceptions out of 8191
 23i,4n,17p,181b,132s stack positions out of 5000i,500n,6000p,200000b,15000s
</usr/sh
are/texmf/fonts/type1/bluesky/cm/cmbx12.pfb></usr/share/texmf/fonts/type1/blues
ky/cm/cmr10.pfb></usr/share/texmf/fonts/type1/bluesky/cm/cmtt10.pfb>
Output written on Problem4.pdf (1 page, 29099 bytes).
PDF statistics:
 18 PDF objects out of 1000 (max. 8388607)
 0 named destinations out of 1000 (max. 131072)
 1 words of extra memory for PDF output out of 10000 (max. 10000000)

